app/build/intermediates/manifest_merge_blame_file/debug/manifest-merger-blame-debug-report.txt
1<?xml version="1.0" encoding="utf-8"?>
2<manifest xmlns:android="http://schemas.android.com/apk/res/android"
3    package="com.example.internship"
4    android:versionCode="1"
5    android:versionName="1.0" >
6
7    <uses-sdk
8        android:minSdkVersion="21"
8-->src\main\AndroidManifest.xml
9        android:targetSdkVersion="32" />
9-->src\main\AndroidManifest.xml
10
11    <uses-permission android:name="android.permission.INTERNET" />
11-->src\main\AndroidManifest.xml:5:5-67
11-->src\main\AndroidManifest.xml:5:22-64
12    <uses-permission android:name="android.permission.ACCESS_NETWORK_STATE" />
12-->src\main\AndroidManifest.xml:6:5-79
12-->src\main\AndroidManifest.xml:6:22-76
13
14    <queries>
14-->src\main\AndroidManifest.xml:8:5-12:15
15        <intent>
15-->src\main\AndroidManifest.xml:9:9-11:18
16            <action android:name="com.google.android.youtube.api.service.START" />
16-->src\main\AndroidManifest.xml:10:13-83
16-->src\main\AndroidManifest.xml:10:21-80
17        </intent>
18    </queries>
19
20    <application
20-->src\main\AndroidManifest.xml:14:5-75:19
21        android:allowBackup="true"
21-->src\main\AndroidManifest.xml:15:9-35
22        android:appComponentFactory="androidx.core.app.CoreComponentFactory"
22-->[androidx.core:core:1.8.0] AndroidManifest.xml:24:18-86
23        android:dataExtractionRules="@xml/data_extraction_rules"
23-->src\main\AndroidManifest.xml:16:9-65
24        android:debuggable="true"
25        android:fullBackupContent="@xml/backup_rules"
25-->src\main\AndroidManifest.xml:17:9-54
26        android:icon="@mipmap/ic_launcher"
26-->src\main\AndroidManifest.xml:18:9-43
27        android:label="DevotionTube"
27-->src\main\AndroidManifest.xml:19:9-37
28        android:roundIcon="@mipmap/ic_launcher_round"
28-->src\main\AndroidManifest.xml:20:9-54
29        android:supportsRtl="true"
29-->src\main\AndroidManifest.xml:21:9-35
30        android:testOnly="true"
31        android:theme="@style/Theme.Internship" >
31-->src\main\AndroidManifest.xml:22:9-48
32        <activity
32-->src\main\AndroidManifest.xml:25:9-32:20
33            android:name="com.example.internship.YoutubeActivity"
33-->src\main\AndroidManifest.xml:26:13-44
34            android:exported="false"
34-->src\main\AndroidManifest.xml:28:13-37
35            android:theme="@style/Theme.AppCompat.DayNight.NoActionBar" >
35-->src\main\AndroidManifest.xml:27:13-72
36            <meta-data
36-->src\main\AndroidManifest.xml:29:13-31:36
37                android:name="android.app.lib_name"
37-->src\main\AndroidManifest.xml:30:17-52
38                android:value="" />
38-->src\main\AndroidManifest.xml:31:17-33
39        </activity>
40        <activity
40-->src\main\AndroidManifest.xml:33:9-40:20
41            android:name="com.example.internship.HomeActivity"
41-->src\main\AndroidManifest.xml:34:13-41
42            android:exported="false"
42-->src\main\AndroidManifest.xml:35:13-37
43            android:theme="@style/Theme.AppCompat.DayNight.NoActionBar" >
43-->src\main\AndroidManifest.xml:36:13-72
44            <meta-data
44-->src\main\AndroidManifest.xml:29:13-31:36
45                android:name="android.app.lib_name"
45-->src\main\AndroidManifest.xml:30:17-52
46                android:value="" />
46-->src\main\AndroidManifest.xml:31:17-33
47        </activity>
48        <activity
48-->src\main\AndroidManifest.xml:42:9-50:20
49            android:name="com.example.internship.YoutubePlayerActivity"
49-->src\main\AndroidManifest.xml:43:13-50
50            android:configChanges="orientation|screenSize|keyboardHidden|smallestScreenSize|screenLayout"
50-->src\main\AndroidManifest.xml:45:13-106
51            android:exported="false"
51-->src\main\AndroidManifest.xml:44:13-37
52            android:theme="@style/Theme.AppCompat.DayNight.NoActionBar" >
52-->src\main\AndroidManifest.xml:46:13-72
53            <meta-data
53-->src\main\AndroidManifest.xml:29:13-31:36
54                android:name="android.app.lib_name"
54-->src\main\AndroidManifest.xml:30:17-52
55                android:value="" />
55-->src\main\AndroidManifest.xml:31:17-33
56        </activity>
57        <activity
57-->src\main\AndroidManifest.xml:52:9-59:20
58            android:name="com.example.internship.Login"
58-->src\main\AndroidManifest.xml:53:13-34
59            android:exported="false"
59-->src\main\AndroidManifest.xml:54:13-37
60            android:theme="@style/Theme.AppCompat.DayNight.NoActionBar" >
60-->src\main\AndroidManifest.xml:55:13-72
61            <meta-data
61-->src\main\AndroidManifest.xml:29:13-31:36
62                android:name="android.app.lib_name"
62-->src\main\AndroidManifest.xml:30:17-52
63                android:value="" />
63-->src\main\AndroidManifest.xml:31:17-33
64        </activity>
65        <activity
65-->src\main\AndroidManifest.xml:60:9-73:20
66            android:name="com.example.internship.SplashActivity"
66-->src\main\AndroidManifest.xml:61:13-43
67            android:exported="true"
67-->src\main\AndroidManifest.xml:62:13-36
68            android:theme="@style/Theme.AppCompat.DayNight.NoActionBar" >
68-->src\main\AndroidManifest.xml:63:13-72
69            <intent-filter>
69-->src\main\AndroidManifest.xml:64:13-68:29
70                <action android:name="android.intent.action.MAIN" />
70-->src\main\AndroidManifest.xml:65:17-69
70-->src\main\AndroidManifest.xml:65:25-66
71
72                <category android:name="android.intent.category.LAUNCHER" />
72-->src\main\AndroidManifest.xml:67:17-77
72-->src\main\AndroidManifest.xml:67:27-74
73            </intent-filter>
74
75            <meta-data
75-->src\main\AndroidManifest.xml:29:13-31:36
76                android:name="android.app.lib_name"
76-->src\main\AndroidManifest.xml:30:17-52
77                android:value="" />
77-->src\main\AndroidManifest.xml:31:17-33
78        </activity>
79
80        <meta-data
80-->[com.firebaseui:firebase-ui-auth:7.2.0] AndroidManifest.xml:16:9-18:69
81            android:name="com.google.android.gms.version"
81-->[com.firebaseui:firebase-ui-auth:7.2.0] AndroidManifest.xml:17:13-58
82            android:value="@integer/google_play_services_version" />
82-->[com.firebaseui:firebase-ui-auth:7.2.0] AndroidManifest.xml:18:13-66
83        <meta-data
83-->[com.firebaseui:firebase-ui-auth:7.2.0] AndroidManifest.xml:19:9-21:63
84            android:name="com.facebook.sdk.ApplicationId"
84-->[com.firebaseui:firebase-ui-auth:7.2.0] AndroidManifest.xml:20:13-58
85            android:value="@string/facebook_application_id" />
85-->[com.firebaseui:firebase-ui-auth:7.2.0] AndroidManifest.xml:21:13-60
86
87        <activity
87-->[com.firebaseui:firebase-ui-auth:7.2.0] AndroidManifest.xml:23:9-27:61
88            android:name="com.firebase.ui.auth.KickoffActivity"
88-->[com.firebaseui:firebase-ui-auth:7.2.0] AndroidManifest.xml:24:13-64
89            android:exported="false"
89-->[com.firebaseui:firebase-ui-auth:7.2.0] AndroidManifest.xml:25:13-37
90            android:label=""
90-->[com.firebaseui:firebase-ui-auth:7.2.0] AndroidManifest.xml:26:13-29
91            android:theme="@style/FirebaseUI.Transparent" />
91-->[com.firebaseui:firebase-ui-auth:7.2.0] AndroidManifest.xml:27:13-58
92        <activity
92-->[com.firebaseui:firebase-ui-auth:7.2.0] AndroidManifest.xml:28:9-32:61
93            android:name="com.firebase.ui.auth.ui.idp.SingleSignInActivity"
93-->[com.firebaseui:firebase-ui-auth:7.2.0] AndroidManifest.xml:29:13-76
94            android:exported="false"
94-->[com.firebaseui:firebase-ui-auth:7.2.0] AndroidManifest.xml:30:13-37
95            android:label=""
95-->[com.firebaseui:firebase-ui-auth:7.2.0] AndroidManifest.xml:31:13-29
96            android:theme="@style/FirebaseUI.Transparent" />
96-->[com.firebaseui:firebase-ui-auth:7.2.0] AndroidManifest.xml:32:13-58
97        <activity
97-->[com.firebaseui:firebase-ui-auth:7.2.0] AndroidManifest.xml:33:9-37:61
98            android:name="com.firebase.ui.auth.ui.credentials.CredentialSaveActivity"
98-->[com.firebaseui:firebase-ui-auth:7.2.0] AndroidManifest.xml:34:13-86
99            android:exported="false"
99-->[com.firebaseui:firebase-ui-auth:7.2.0] AndroidManifest.xml:35:13-37
100            android:label=""
100-->[com.firebaseui:firebase-ui-auth:7.2.0] AndroidManifest.xml:36:13-29
101            android:theme="@style/FirebaseUI.Transparent" />
101-->[com.firebaseui:firebase-ui-auth:7.2.0] AndroidManifest.xml:37:13-58
102        <activity
102-->[com.firebaseui:firebase-ui-auth:7.2.0] AndroidManifest.xml:38:9-42:58
103            android:name="com.firebase.ui.auth.ui.email.RecoverPasswordActivity"
103-->[com.firebaseui:firebase-ui-auth:7.2.0] AndroidManifest.xml:39:13-81
104            android:exported="false"
104-->[com.firebaseui:firebase-ui-auth:7.2.0] AndroidManifest.xml:40:13-37
105            android:label="@string/fui_title_recover_password_activity"
105-->[com.firebaseui:firebase-ui-auth:7.2.0] AndroidManifest.xml:41:13-72
106            android:windowSoftInputMode="adjustResize" />
106-->[com.firebaseui:firebase-ui-auth:7.2.0] AndroidManifest.xml:42:13-55
107        <activity
107-->[com.firebaseui:firebase-ui-auth:7.2.0] AndroidManifest.xml:43:9-47:58
108            android:name="com.firebase.ui.auth.ui.email.EmailActivity"
108-->[com.firebaseui:firebase-ui-auth:7.2.0] AndroidManifest.xml:44:13-71
109            android:exported="false"
109-->[com.firebaseui:firebase-ui-auth:7.2.0] AndroidManifest.xml:45:13-37
110            android:label="@string/fui_sign_in_default"
110-->[com.firebaseui:firebase-ui-auth:7.2.0] AndroidManifest.xml:46:13-56
111            android:windowSoftInputMode="adjustResize" />
111-->[com.firebaseui:firebase-ui-auth:7.2.0] AndroidManifest.xml:47:13-55
112        <activity
112-->[com.firebaseui:firebase-ui-auth:7.2.0] AndroidManifest.xml:48:9-52:77
113            android:name="com.firebase.ui.auth.ui.phone.PhoneActivity"
113-->[com.firebaseui:firebase-ui-auth:7.2.0] AndroidManifest.xml:49:13-71
114            android:exported="false"
114-->[com.firebaseui:firebase-ui-auth:7.2.0] AndroidManifest.xml:50:13-37
115            android:label="@string/fui_sign_in_with_phone_number"
115-->[com.firebaseui:firebase-ui-auth:7.2.0] AndroidManifest.xml:51:13-66
116            android:windowSoftInputMode="adjustResize|stateAlwaysVisible" />
116-->[com.firebaseui:firebase-ui-auth:7.2.0] AndroidManifest.xml:52:13-74
117        <activity
117-->[com.firebaseui:firebase-ui-auth:7.2.0] AndroidManifest.xml:53:9-57:58
118            android:name="com.firebase.ui.auth.ui.idp.WelcomeBackIdpPrompt"
118-->[com.firebaseui:firebase-ui-auth:7.2.0] AndroidManifest.xml:54:13-76
119            android:exported="false"
119-->[com.firebaseui:firebase-ui-auth:7.2.0] AndroidManifest.xml:55:13-37
120            android:label="@string/fui_title_welcome_back_idp_prompt"
120-->[com.firebaseui:firebase-ui-auth:7.2.0] AndroidManifest.xml:56:13-70
121            android:windowSoftInputMode="adjustResize" />
121-->[com.firebaseui:firebase-ui-auth:7.2.0] AndroidManifest.xml:57:13-55
122        <activity
122-->[com.firebaseui:firebase-ui-auth:7.2.0] AndroidManifest.xml:58:9-62:58
123            android:name="com.firebase.ui.auth.ui.email.WelcomeBackPasswordPrompt"
123-->[com.firebaseui:firebase-ui-auth:7.2.0] AndroidManifest.xml:59:13-83
124            android:exported="false"
124-->[com.firebaseui:firebase-ui-auth:7.2.0] AndroidManifest.xml:60:13-37
125            android:label="@string/fui_title_welcome_back_password_prompt"
125-->[com.firebaseui:firebase-ui-auth:7.2.0] AndroidManifest.xml:61:13-75
126            android:windowSoftInputMode="adjustResize" />
126-->[com.firebaseui:firebase-ui-auth:7.2.0] AndroidManifest.xml:62:13-55
127        <activity
127-->[com.firebaseui:firebase-ui-auth:7.2.0] AndroidManifest.xml:63:9-67:58
128            android:name="com.firebase.ui.auth.ui.email.WelcomeBackEmailLinkPrompt"
128-->[com.firebaseui:firebase-ui-auth:7.2.0] AndroidManifest.xml:64:13-84
129            android:exported="false"
129-->[com.firebaseui:firebase-ui-auth:7.2.0] AndroidManifest.xml:65:13-37
130            android:label="@string/fui_title_welcome_back_password_prompt"
130-->[com.firebaseui:firebase-ui-auth:7.2.0] AndroidManifest.xml:66:13-75
131            android:windowSoftInputMode="adjustResize" />
131-->[com.firebaseui:firebase-ui-auth:7.2.0] AndroidManifest.xml:67:13-55
132        <activity
132-->[com.firebaseui:firebase-ui-auth:7.2.0] AndroidManifest.xml:68:9-73:58
133            android:name="com.firebase.ui.auth.ui.email.EmailLinkCatcherActivity"
133-->[com.firebaseui:firebase-ui-auth:7.2.0] AndroidManifest.xml:69:13-82
134            android:exported="false"
134-->[com.firebaseui:firebase-ui-auth:7.2.0] AndroidManifest.xml:70:13-37
135            android:label=""
135-->[com.firebaseui:firebase-ui-auth:7.2.0] AndroidManifest.xml:71:13-29
136            android:theme="@style/FirebaseUI.Transparent"
136-->[com.firebaseui:firebase-ui-auth:7.2.0] AndroidManifest.xml:72:13-58
137            android:windowSoftInputMode="adjustResize" />
137-->[com.firebaseui:firebase-ui-auth:7.2.0] AndroidManifest.xml:73:13-55
138        <activity
138-->[com.firebaseui:firebase-ui-auth:7.2.0] AndroidManifest.xml:74:9-78:58
139            android:name="com.firebase.ui.auth.ui.email.EmailLinkErrorRecoveryActivity"
139-->[com.firebaseui:firebase-ui-auth:7.2.0] AndroidManifest.xml:75:13-88
140            android:exported="false"
140-->[com.firebaseui:firebase-ui-auth:7.2.0] AndroidManifest.xml:76:13-37
141            android:label="@string/fui_sign_in_default"
141-->[com.firebaseui:firebase-ui-auth:7.2.0] AndroidManifest.xml:77:13-56
142            android:windowSoftInputMode="adjustResize" />
142-->[com.firebaseui:firebase-ui-auth:7.2.0] AndroidManifest.xml:78:13-55
143        <activity
143-->[com.firebaseui:firebase-ui-auth:7.2.0] AndroidManifest.xml:79:9-82:65
144            android:name="com.firebase.ui.auth.ui.idp.AuthMethodPickerActivity"
144-->[com.firebaseui:firebase-ui-auth:7.2.0] AndroidManifest.xml:80:13-80
145            android:exported="false"
145-->[com.firebaseui:firebase-ui-auth:7.2.0] AndroidManifest.xml:81:13-37
146            android:label="@string/fui_default_toolbar_title" />
146-->[com.firebaseui:firebase-ui-auth:7.2.0] AndroidManifest.xml:82:13-62
147        <activity
147-->[com.firebaseui:firebase-ui-auth:7.2.0] AndroidManifest.xml:83:9-87:48
148            android:name="com.facebook.FacebookActivity"
148-->[com.firebaseui:firebase-ui-auth:7.2.0] AndroidManifest.xml:84:13-57
149            android:configChanges="keyboard|keyboardHidden|screenLayout|screenSize|orientation"
149-->[com.firebaseui:firebase-ui-auth:7.2.0] AndroidManifest.xml:85:13-96
150            android:label="@string/app_name" />
150-->[com.firebaseui:firebase-ui-auth:7.2.0] AndroidManifest.xml:86:13-45
151        <activity
151-->[com.firebaseui:firebase-ui-auth:7.2.0] AndroidManifest.xml:88:9-100:20
152            android:name="com.facebook.CustomTabActivity"
152-->[com.firebaseui:firebase-ui-auth:7.2.0] AndroidManifest.xml:89:13-58
153            android:exported="true" >
153-->[com.firebaseui:firebase-ui-auth:7.2.0] AndroidManifest.xml:90:13-36
154            <intent-filter>
154-->[com.firebaseui:firebase-ui-auth:7.2.0] AndroidManifest.xml:92:13-99:29
155                <action android:name="android.intent.action.VIEW" />
155-->[com.firebaseui:firebase-ui-auth:7.2.0] AndroidManifest.xml:93:17-69
155-->[com.firebaseui:firebase-ui-auth:7.2.0] AndroidManifest.xml:93:25-66
156
157                <category android:name="android.intent.category.DEFAULT" />
157-->[com.firebaseui:firebase-ui-auth:7.2.0] AndroidManifest.xml:95:17-76
157-->[com.firebaseui:firebase-ui-auth:7.2.0] AndroidManifest.xml:95:27-73
158                <category android:name="android.intent.category.BROWSABLE" />
158-->[com.firebaseui:firebase-ui-auth:7.2.0] AndroidManifest.xml:96:17-78
158-->[com.firebaseui:firebase-ui-auth:7.2.0] AndroidManifest.xml:96:27-75
159
160                <data android:scheme="@string/facebook_login_protocol_scheme" />
160-->[com.firebaseui:firebase-ui-auth:7.2.0] AndroidManifest.xml:98:17-81
160-->[com.firebaseui:firebase-ui-auth:7.2.0] AndroidManifest.xml:98:23-78
161            </intent-filter>
162        </activity>
163
164        <provider
164-->[com.firebaseui:firebase-ui-auth:7.2.0] AndroidManifest.xml:102:9-106:38
165            android:name="com.firebase.ui.auth.data.client.AuthUiInitProvider"
165-->[com.firebaseui:firebase-ui-auth:7.2.0] AndroidManifest.xml:103:13-79
166            android:authorities="com.example.internship.authuiinitprovider"
166-->[com.firebaseui:firebase-ui-auth:7.2.0] AndroidManifest.xml:104:13-70
167            android:exported="false"
167-->[com.firebaseui:firebase-ui-auth:7.2.0] AndroidManifest.xml:105:13-37
168            android:initOrder="90" />
168-->[com.firebaseui:firebase-ui-auth:7.2.0] AndroidManifest.xml:106:13-35
169
170        <activity
170-->[com.google.android.gms:play-services-auth:20.4.1] AndroidManifest.xml:23:9-27:75
171            android:name="com.google.android.gms.auth.api.signin.internal.SignInHubActivity"
171-->[com.google.android.gms:play-services-auth:20.4.1] AndroidManifest.xml:24:13-93
172            android:excludeFromRecents="true"
172-->[com.google.android.gms:play-services-auth:20.4.1] AndroidManifest.xml:25:13-46
173            android:exported="false"
173-->[com.google.android.gms:play-services-auth:20.4.1] AndroidManifest.xml:26:13-37
174            android:theme="@android:style/Theme.Translucent.NoTitleBar" />
174-->[com.google.android.gms:play-services-auth:20.4.1] AndroidManifest.xml:27:13-72
175        <!--
176            Service handling Google Sign-In user revocation. For apps that do not integrate with
177            Google Sign-In, this service will never be started.
178        -->
179        <service
179-->[com.google.android.gms:play-services-auth:20.4.1] AndroidManifest.xml:33:9-37:51
180            android:name="com.google.android.gms.auth.api.signin.RevocationBoundService"
180-->[com.google.android.gms:play-services-auth:20.4.1] AndroidManifest.xml:34:13-89
181            android:exported="true"
181-->[com.google.android.gms:play-services-auth:20.4.1] AndroidManifest.xml:35:13-36
182            android:permission="com.google.android.gms.auth.api.signin.permission.REVOCATION_NOTIFICATION"
182-->[com.google.android.gms:play-services-auth:20.4.1] AndroidManifest.xml:36:13-107
183            android:visibleToInstantApps="true" />
183-->[com.google.android.gms:play-services-auth:20.4.1] AndroidManifest.xml:37:13-48
184
185        <activity
185-->[com.google.firebase:firebase-auth:21.1.0] AndroidManifest.xml:27:9-44:20
186            android:name="com.google.firebase.auth.internal.GenericIdpActivity"
186-->[com.google.firebase:firebase-auth:21.1.0] AndroidManifest.xml:28:13-80
187            android:excludeFromRecents="true"
187-->[com.google.firebase:firebase-auth:21.1.0] AndroidManifest.xml:29:13-46
188            android:exported="true"
188-->[com.google.firebase:firebase-auth:21.1.0] AndroidManifest.xml:30:13-36
189            android:launchMode="singleTask"
189-->[com.google.firebase:firebase-auth:21.1.0] AndroidManifest.xml:31:13-44
190            android:theme="@android:style/Theme.Translucent.NoTitleBar" >
190-->[com.google.firebase:firebase-auth:21.1.0] AndroidManifest.xml:32:13-72
191            <intent-filter>
191-->[com.google.firebase:firebase-auth:21.1.0] AndroidManifest.xml:33:13-43:29
192                <action android:name="android.intent.action.VIEW" />
192-->[com.firebaseui:firebase-ui-auth:7.2.0] AndroidManifest.xml:93:17-69
192-->[com.firebaseui:firebase-ui-auth:7.2.0] AndroidManifest.xml:93:25-66
193
194                <category android:name="android.intent.category.DEFAULT" />
194-->[com.firebaseui:firebase-ui-auth:7.2.0] AndroidManifest.xml:95:17-76
194-->[com.firebaseui:firebase-ui-auth:7.2.0] AndroidManifest.xml:95:27-73
195                <category android:name="android.intent.category.BROWSABLE" />
195-->[com.firebaseui:firebase-ui-auth:7.2.0] AndroidManifest.xml:96:17-78
195-->[com.firebaseui:firebase-ui-auth:7.2.0] AndroidManifest.xml:96:27-75
196
197                <data
197-->[com.firebaseui:firebase-ui-auth:7.2.0] AndroidManifest.xml:98:17-81
198                    android:host="firebase.auth"
199                    android:path="/"
200                    android:scheme="genericidp" />
200-->[com.firebaseui:firebase-ui-auth:7.2.0] AndroidManifest.xml:98:23-78
201            </intent-filter>
202        </activity>
203        <activity
203-->[com.google.firebase:firebase-auth:21.1.0] AndroidManifest.xml:45:9-62:20
204            android:name="com.google.firebase.auth.internal.RecaptchaActivity"
204-->[com.google.firebase:firebase-auth:21.1.0] AndroidManifest.xml:46:13-79
205            android:excludeFromRecents="true"
205-->[com.google.firebase:firebase-auth:21.1.0] AndroidManifest.xml:47:13-46
206            android:exported="true"
206-->[com.google.firebase:firebase-auth:21.1.0] AndroidManifest.xml:48:13-36
207            android:launchMode="singleTask"
207-->[com.google.firebase:firebase-auth:21.1.0] AndroidManifest.xml:49:13-44
208            android:theme="@android:style/Theme.Translucent.NoTitleBar" >
208-->[com.google.firebase:firebase-auth:21.1.0] AndroidManifest.xml:50:13-72
209            <intent-filter>
209-->[com.google.firebase:firebase-auth:21.1.0] AndroidManifest.xml:51:13-61:29
210                <action android:name="android.intent.action.VIEW" />
210-->[com.firebaseui:firebase-ui-auth:7.2.0] AndroidManifest.xml:93:17-69
210-->[com.firebaseui:firebase-ui-auth:7.2.0] AndroidManifest.xml:93:25-66
211
212                <category android:name="android.intent.category.DEFAULT" />
212-->[com.firebaseui:firebase-ui-auth:7.2.0] AndroidManifest.xml:95:17-76
212-->[com.firebaseui:firebase-ui-auth:7.2.0] AndroidManifest.xml:95:27-73
213                <category android:name="android.intent.category.BROWSABLE" />
213-->[com.firebaseui:firebase-ui-auth:7.2.0] AndroidManifest.xml:96:17-78
213-->[com.firebaseui:firebase-ui-auth:7.2.0] AndroidManifest.xml:96:27-75
214
215                <data
215-->[com.firebaseui:firebase-ui-auth:7.2.0] AndroidManifest.xml:98:17-81
216                    android:host="firebase.auth"
217                    android:path="/"
218                    android:scheme="recaptcha" />
218-->[com.firebaseui:firebase-ui-auth:7.2.0] AndroidManifest.xml:98:23-78
219            </intent-filter>
220        </activity>
221
222        <service
222-->[com.google.firebase:firebase-auth:21.1.0] AndroidManifest.xml:64:9-70:19
223            android:name="com.google.firebase.components.ComponentDiscoveryService"
223-->[com.google.firebase:firebase-auth:21.1.0] AndroidManifest.xml:65:13-84
224            android:directBootAware="true"
224-->[com.google.firebase:firebase-common:20.3.0] AndroidManifest.xml:34:13-43
225            android:exported="false" >
225-->[com.google.firebase:firebase-auth:21.1.0] AndroidManifest.xml:66:13-37
226            <meta-data
226-->[com.google.firebase:firebase-auth:21.1.0] AndroidManifest.xml:67:13-69:85
227                android:name="com.google.firebase.components:com.google.firebase.auth.FirebaseAuthRegistrar"
227-->[com.google.firebase:firebase-auth:21.1.0] AndroidManifest.xml:68:17-109
228                android:value="com.google.firebase.components.ComponentRegistrar" />
228-->[com.google.firebase:firebase-auth:21.1.0] AndroidManifest.xml:69:17-82
229            <meta-data
229-->[com.google.firebase:firebase-firestore:24.4.2] AndroidManifest.xml:19:13-21:85
230                android:name="com.google.firebase.components:com.google.firebase.firestore.FirestoreRegistrar"
230-->[com.google.firebase:firebase-firestore:24.4.2] AndroidManifest.xml:20:17-111
231                android:value="com.google.firebase.components.ComponentRegistrar" />
231-->[com.google.firebase:firebase-firestore:24.4.2] AndroidManifest.xml:21:17-82
232        </service>
233
234        <provider
234-->[com.squareup.picasso:picasso:2.71828] AndroidManifest.xml:8:9-11:40
235            android:name="com.squareup.picasso.PicassoProvider"
235-->[com.squareup.picasso:picasso:2.71828] AndroidManifest.xml:9:13-64
236            android:authorities="com.example.internship.com.squareup.picasso"
236-->[com.squareup.picasso:picasso:2.71828] AndroidManifest.xml:10:13-72
237            android:exported="false" />
237-->[com.squareup.picasso:picasso:2.71828] AndroidManifest.xml:11:13-37
238        <provider
238-->[com.google.firebase:firebase-common:20.3.0] AndroidManifest.xml:25:9-30:39
239            android:name="com.google.firebase.provider.FirebaseInitProvider"
239-->[com.google.firebase:firebase-common:20.3.0] AndroidManifest.xml:26:13-77
240            android:authorities="com.example.internship.firebaseinitprovider"
240-->[com.google.firebase:firebase-common:20.3.0] AndroidManifest.xml:27:13-72
241            android:directBootAware="true"
241-->[com.google.firebase:firebase-common:20.3.0] AndroidManifest.xml:28:13-43
242            android:exported="false"
242-->[com.google.firebase:firebase-common:20.3.0] AndroidManifest.xml:29:13-37
243            android:initOrder="100" />
243-->[com.google.firebase:firebase-common:20.3.0] AndroidManifest.xml:30:13-36
244
245        <activity
245-->[com.google.android.gms:play-services-base:18.0.1] AndroidManifest.xml:20:9-22:45
246            android:name="com.google.android.gms.common.api.GoogleApiActivity"
246-->[com.google.android.gms:play-services-base:18.0.1] AndroidManifest.xml:20:19-85
247            android:exported="false"
247-->[com.google.android.gms:play-services-base:18.0.1] AndroidManifest.xml:22:19-43
248            android:theme="@android:style/Theme.Translucent.NoTitleBar" />
248-->[com.google.android.gms:play-services-base:18.0.1] AndroidManifest.xml:21:19-78
249
250        <provider
250-->[androidx.emoji2:emoji2:1.2.0] AndroidManifest.xml:24:9-32:20
251            android:name="androidx.startup.InitializationProvider"
251-->[androidx.emoji2:emoji2:1.2.0] AndroidManifest.xml:25:13-67
252            android:authorities="com.example.internship.androidx-startup"
252-->[androidx.emoji2:emoji2:1.2.0] AndroidManifest.xml:26:13-68
253            android:exported="false" >
253-->[androidx.emoji2:emoji2:1.2.0] AndroidManifest.xml:27:13-37
254            <meta-data
254-->[androidx.emoji2:emoji2:1.2.0] AndroidManifest.xml:29:13-31:52
255                android:name="androidx.emoji2.text.EmojiCompatInitializer"
255-->[androidx.emoji2:emoji2:1.2.0] AndroidManifest.xml:30:17-75
256                android:value="androidx.startup" />
256-->[androidx.emoji2:emoji2:1.2.0] AndroidManifest.xml:31:17-49
257            <meta-data
257-->[androidx.lifecycle:lifecycle-process:2.4.1] AndroidManifest.xml:31:13-33:52
258                android:name="androidx.lifecycle.ProcessLifecycleInitializer"
258-->[androidx.lifecycle:lifecycle-process:2.4.1] AndroidManifest.xml:32:17-78
259                android:value="androidx.startup" />
259-->[androidx.lifecycle:lifecycle-process:2.4.1] AndroidManifest.xml:33:17-49
260        </provider>
261    </application>
262
263</manifest>